<?xml version="1.0" encoding="UTF-8"?>
<!-- Generated by org.testng.reporters.JUnitXMLReporter -->
<testsuite hostname="DESKTOP-QJPEN10" ignored="4" name="Test" tests="3" failures="0" timestamp="2023-12-28T12:45:41 IST" time="54.448" errors="0">
  <testcase name="Login" time="9.957" classname="Test_scripts.DWS_Login001_Test"/>
  <testcase name="AddToCart" time="2.814" classname="Test_scripts.DWS_Login002_Test"/>
  <testcase name="removeproduct" time="25.604" classname="Test_scripts.DWS_Login003_Test"/>
  <testcase name="@BeforeTest beforetest" time="0.0" classname="Generic_lib.Base_Class">
    <ignored/>
  </testcase> <!-- @BeforeTest beforetest -->
  <testcase name="@AfterSuite Aftersuite" time="0.0" classname="Generic_lib.Base_Class">
    <ignored/>
  </testcase> <!-- @AfterSuite Aftersuite -->
  <testcase name="@AfterTest Aftertest" time="0.0" classname="Generic_lib.Base_Class">
    <ignored/>
  </testcase> <!-- @AfterTest Aftertest -->
  <testcase name="@BeforeSuite beforesuite" time="0.0" classname="Generic_lib.Base_Class">
    <ignored/>
  </testcase> <!-- @BeforeSuite beforesuite -->
</testsuite> <!-- Test -->
